<?xml version="1.0" encoding="UTF-8"?>
<!-- Generated by org.testng.reporters.JUnitReportReporter -->
<testsuite skipped="0" hostname="LAPTOP-MCA9HBLG" name="DriverFactory.DriverScript" tests="1" failures="0" timestamp="08 Apr 2022 06:07:54 GMT" time="13.480" errors="0">
  <testcase name="validateLogin" time="13.480" classname="DriverFactory.DriverScript"/>
</testsuite> <!-- DriverFactory.DriverScript -->
