<?xml version="1.0" encoding="UTF-8"?>
<!-- Generated by org.testng.reporters.JUnitReportReporter -->
<testsuite skipped="0" hostname="LAPTOP-MCA9HBLG" name="DriverFactory.POMEmpDriverScript" tests="1" failures="0" timestamp="11 Apr 2022 12:54:28 GMT" time="43.163" errors="0">
  <testcase name="validateaddEmp" time="43.163" classname="DriverFactory.POMEmpDriverScript"/>
</testsuite> <!-- DriverFactory.POMEmpDriverScript -->
