<?xml version="1.0" encoding="UTF-8"?>
<!-- Generated by org.testng.reporters.JUnitReportReporter -->
<testsuite skipped="0" hostname="LAPTOP-MCA9HBLG" name="DriverFactory.TestScript" tests="2" failures="0" timestamp="08 Apr 2022 14:01:20 GMT" time="32.007" errors="0">
  <testcase name="validateaddemp" time="11.488" classname="DriverFactory.TestScript"/>
  <testcase name="validateadduser" time="20.519" classname="DriverFactory.TestScript"/>
</testsuite> <!-- DriverFactory.TestScript -->
